2025-05-30 14:13:39,449 - ERROR - An error occurred when calling message handler
Traceback (most recent call last):
  File "pystray\_win32.py", line 412, in _dispatcher
  File "pystray\_win32.py", line 224, in _on_notify
  File "pystray\_base.py", line 328, in inner
  File "pystray\_base.py", line 453, in __call__
  File "pystray\_base.py", line 548, in wrapper0
  File "funasr_tray_app.py", line 95, in exit_app
    sys.exit(0)
SystemExit: 0
2025-05-30 14:14:26,235 - ERROR - An error occurred when calling message handler
Traceback (most recent call last):
  File "pystray\_win32.py", line 412, in _dispatcher
  File "pystray\_win32.py", line 224, in _on_notify
  File "pystray\_base.py", line 328, in inner
  File "pystray\_base.py", line 453, in __call__
  File "pystray\_base.py", line 548, in wrapper0
  File "funasr_tray_app.py", line 95, in exit_app
    sys.exit(0)
SystemExit: 0
